<?xml version="1.0" encoding="UTF-8"?>
<coverage generated="1679222926">
  <project timestamp="1679222926">
    <file name="C:\Users\Lev4o Sladura\Projects\maxi-bot\src\Application.php">
      <class name="Yumerov\MaxiBot\Application" namespace="global">
        <metrics complexity="5" methods="2" coveredmethods="0" conditionals="0" coveredconditionals="0" statements="19" coveredstatements="0" elements="21" coveredelements="0"/>
      </class>
      <line num="16" type="method" name="__construct" visibility="public" complexity="2" crap="6" count="0"/>
      <line num="18" type="stmt" count="0"/>
      <line num="19" type="stmt" count="0"/>
      <line num="20" type="stmt" count="0"/>
      <line num="22" type="stmt" count="0"/>
      <line num="30" type="method" name="run" visibility="public" complexity="3" crap="12" count="0"/>
      <line num="33" type="stmt" count="0"/>
      <line num="34" type="stmt" count="0"/>
      <line num="35" type="stmt" count="0"/>
      <line num="36" type="stmt" count="0"/>
      <line num="37" type="stmt" count="0"/>
      <line num="38" type="stmt" count="0"/>
      <line num="41" type="stmt" count="0"/>
      <line num="42" type="stmt" count="0"/>
      <line num="44" type="stmt" count="0"/>
      <line num="45" type="stmt" count="0"/>
      <line num="47" type="stmt" count="0"/>
      <line num="50" type="stmt" count="0"/>
      <line num="51" type="stmt" count="0"/>
      <line num="52" type="stmt" count="0"/>
      <line num="54" type="stmt" count="0"/>
      <metrics loc="57" ncloc="48" classes="1" methods="2" coveredmethods="0" conditionals="0" coveredconditionals="0" statements="19" coveredstatements="0" elements="21" coveredelements="0"/>
    </file>
    <file name="C:\Users\Lev4o Sladura\Projects\maxi-bot\src\Exception.php">
      <class name="Yumerov\MaxiBot\Exception" namespace="global">
        <metrics complexity="0" methods="0" coveredmethods="0" conditionals="0" coveredconditionals="0" statements="0" coveredstatements="0" elements="0" coveredelements="0"/>
      </class>
      <metrics loc="9" ncloc="9" classes="0" methods="0" coveredmethods="0" conditionals="0" coveredconditionals="0" statements="0" coveredstatements="0" elements="0" coveredelements="0"/>
    </file>
    <metrics files="2" loc="66" ncloc="57" classes="1" methods="2" coveredmethods="0" conditionals="0" coveredconditionals="0" statements="19" coveredstatements="0" elements="21" coveredelements="0"/>
  </project>
</coverage>
